17:25:56 **** Build of project raw_apps_bsp ****
make -k all 
Running Make include in microblaze_0/libsrc/axidma_v8_0/src
make -C microblaze_0/libsrc/axidma_v8_0/src -s include  "SHELL=/bin/sh" "COMPILER=mb-gcc" "ARCHIVER=mb-ar" "COMPILER_FLAGS= -O2 -c -mcpu=v9.4 -mhard-float -mlittle-endian -mno-xl-soft-div -mno-xl-soft-mul -mxl-barrel-shift -mxl-float-convert -mxl-float-sqrt -mxl-multiply-high -mxl-pattern-compare" "EXTRA_COMPILER_FLAGS=-g -ffunction-sections -fdata-sections"
Running Make include in microblaze_0/libsrc/axiethernet_v4_2/src
make -C microblaze_0/libsrc/axiethernet_v4_2/src -s include  "SHELL=/bin/sh" "COMPILER=mb-gcc" "ARCHIVER=mb-ar" "COMPILER_FLAGS= -O2 -c -mcpu=v9.4 -mhard-float -mlittle-endian -mno-xl-soft-div -mno-xl-soft-mul -mxl-barrel-shift -mxl-float-convert -mxl-float-sqrt -mxl-multiply-high -mxl-pattern-compare" "EXTRA_COMPILER_FLAGS=-g -ffunction-sections -fdata-sections"
Running Make include in microblaze_0/libsrc/bram_v4_0/src
make -C microblaze_0/libsrc/bram_v4_0/src -s include  "SHELL=/bin/sh" "COMPILER=mb-gcc" "ARCHIVER=mb-ar" "COMPILER_FLAGS= -O2 -c -mcpu=v9.4 -mhard-float -mlittle-endian -mno-xl-soft-div -mno-xl-soft-mul -mxl-barrel-shift -mxl-float-convert -mxl-float-sqrt -mxl-multiply-high -mxl-pattern-compare" "EXTRA_COMPILER_FLAGS=-g -ffunction-sections -fdata-sections"
Running Make include in microblaze_0/libsrc/cpu_v2_2/src
make -C microblaze_0/libsrc/cpu_v2_2/src -s include  "SHELL=/bin/sh" "COMPILER=mb-gcc" "ARCHIVER=mb-ar" "COMPILER_FLAGS= -O2 -c -mcpu=v9.4 -mhard-float -mlittle-endian -mno-xl-soft-div -mno-xl-soft-mul -mxl-barrel-shift -mxl-float-convert -mxl-float-sqrt -mxl-multiply-high -mxl-pattern-compare" "EXTRA_COMPILER_FLAGS=-g -ffunction-sections -fdata-sections"
Running Make include in microblaze_0/libsrc/intc_v3_2/src
make -C microblaze_0/libsrc/intc_v3_2/src -s include  "SHELL=/bin/sh" "COMPILER=mb-gcc" "ARCHIVER=mb-ar" "COMPILER_FLAGS= -O2 -c -mcpu=v9.4 -mhard-float -mlittle-endian -mno-xl-soft-div -mno-xl-soft-mul -mxl-barrel-shift -mxl-float-convert -mxl-float-sqrt -mxl-multiply-high -mxl-pattern-compare" "EXTRA_COMPILER_FLAGS=-g -ffunction-sections -fdata-sections"
Running Make include in microblaze_0/libsrc/lwip141_v2_2/src
make -C microblaze_0/libsrc/lwip141_v2_2/src -s include  "SHELL=/bin/sh" "COMPILER=mb-gcc" "ARCHIVER=mb-ar" "COMPILER_FLAGS= -O2 -c -mcpu=v9.4 -mhard-float -mlittle-endian -mno-xl-soft-div -mno-xl-soft-mul -mxl-barrel-shift -mxl-float-convert -mxl-float-sqrt -mxl-multiply-high -mxl-pattern-compare" "EXTRA_COMPILER_FLAGS=-g -ffunction-sections -fdata-sections"
Running Make include in microblaze_0/libsrc/standalone_v4_2/src
make -C microblaze_0/libsrc/standalone_v4_2/src -s include  "SHELL=/bin/sh" "COMPILER=mb-gcc" "ARCHIVER=mb-ar" "COMPILER_FLAGS= -O2 -c -mcpu=v9.4 -mhard-float -mlittle-endian -mno-xl-soft-div -mno-xl-soft-mul -mxl-barrel-shift -mxl-float-convert -mxl-float-sqrt -mxl-multiply-high -mxl-pattern-compare" "EXTRA_COMPILER_FLAGS=-g -ffunction-sections -fdata-sections"
Running Make include in microblaze_0/libsrc/tmrctr_v3_0/src
make -C microblaze_0/libsrc/tmrctr_v3_0/src -s include  "SHELL=/bin/sh" "COMPILER=mb-gcc" "ARCHIVER=mb-ar" "COMPILER_FLAGS= -O2 -c -mcpu=v9.4 -mhard-float -mlittle-endian -mno-xl-soft-div -mno-xl-soft-mul -mxl-barrel-shift -mxl-float-convert -mxl-float-sqrt -mxl-multiply-high -mxl-pattern-compare" "EXTRA_COMPILER_FLAGS=-g -ffunction-sections -fdata-sections"
Running Make include in microblaze_0/libsrc/uartlite_v3_0/src
make -C microblaze_0/libsrc/uartlite_v3_0/src -s include  "SHELL=/bin/sh" "COMPILER=mb-gcc" "ARCHIVER=mb-ar" "COMPILER_FLAGS= -O2 -c -mcpu=v9.4 -mhard-float -mlittle-endian -mno-xl-soft-div -mno-xl-soft-mul -mxl-barrel-shift -mxl-float-convert -mxl-float-sqrt -mxl-multiply-high -mxl-pattern-compare" "EXTRA_COMPILER_FLAGS=-g -ffunction-sections -fdata-sections"
Running Make include in microblaze_0/libsrc/xilkernel_v6_2/src
make -C microblaze_0/libsrc/xilkernel_v6_2/src -s include  "SHELL=/bin/sh" "COMPILER=mb-gcc" "ARCHIVER=mb-ar" "COMPILER_FLAGS= -O2 -c -mcpu=v9.4 -mhard-float -mlittle-endian -mno-xl-soft-div -mno-xl-soft-mul -mxl-barrel-shift -mxl-float-convert -mxl-float-sqrt -mxl-multiply-high -mxl-pattern-compare" "EXTRA_COMPILER_FLAGS=-g -ffunction-sections -fdata-sections"
make: *** ../../standalone/src: No such file or directory.  Stop.
Running Make include in microblaze_0/libsrc/xilmfs_v2_0/src
make[1]: *** [standalone_include] Error 2
make -C microblaze_0/libsrc/xilmfs_v2_0/src -s include  "SHELL=/bin/sh" "COMPILER=mb-gcc" "ARCHIVER=mb-ar" "COMPILER_FLAGS= -O2 -c -mcpu=v9.4 -mhard-float -mlittle-endian -mno-xl-soft-div -mno-xl-soft-mul -mxl-barrel-shift -mxl-float-convert -mxl-float-sqrt -mxl-multiply-high -mxl-pattern-compare" "EXTRA_COMPILER_FLAGS=-g -ffunction-sections -fdata-sections"
make[1]: Target `include' not remade because of errors.
make: *** [microblaze_0/libsrc/xilkernel_v6_2/src/make.include] Error 2
make: Target `all' not remade because of errors.

17:25:56 Build Finished (took 233ms)

