#-----------------------------------------------------------
# Vivado v2015.2 (64-bit)
# SW Build 1266856 on Fri Jun 26 16:35:25 MDT 2015
# IP Build 1264090 on Wed Jun 24 14:22:01 MDT 2015
# Start of session at: Fri Sep 25 17:43:29 2015
# Process ID: 3400
# Log file: /data1/jmoore/XAPP1026/AC701_AxiEth_100Mhz_64kb/HW/vivado.log
# Journal file: /data1/jmoore/XAPP1026/AC701_AxiEth_100Mhz_64kb/HW/vivado.jou
#-----------------------------------------------------------
start_gui
open_project /data1/jmoore/XAPP1026/AC701_AxiEth_100Mhz_64kb/HW/project_1.xpr
Scanning sources...
Finished scanning sources
INFO: [IP_Flow 19-234] Refreshing IP repositories
INFO: [IP_Flow 19-1700] Loaded user IP repository '/n/15/moore.1424/xillinx/trigger_logic_axi_io'.
INFO: [IP_Flow 19-2313] Loaded Vivado IP repository '/opt/xilinx/Vivado/2015.2/data/ip'.
WARNING: [BD 41-1661] One or more IPs have been locked in the design 'design_1.bd'. Please run report_ip_status for more details and recommendations on how to fix this issue.
List of locked IPs:
design_1_trigger_logic_AXI_0_0

open_project: Time (s): cpu = 00:00:39 ; elapsed = 00:00:16 . Memory (MB): peak = 6028.344 ; gain = 258.387 ; free physical = 5225 ; free virtual = 29993
open_bd_design {/data1/jmoore/XAPP1026/AC701_AxiEth_100Mhz_64kb/HW/project_1.srcs/sources_1/bd/design_1/design_1.bd}
Adding component instance block -- xilinx.com:ip:axi_bram_ctrl:4.0 - axi_bram_ctrl_0
Adding component instance block -- xilinx.com:ip:axi_ethernet:7.0 - axi_ethernet_0
Adding component instance block -- xilinx.com:ip:axi_dma:7.1 - axi_ethernet_0_dma
Adding component instance block -- xilinx.com:ip:axi_timer:2.0 - axi_timer_0
Adding component instance block -- xilinx.com:ip:axi_uartlite:2.0 - axi_uartlite_0
Adding component instance block -- xilinx.com:ip:blk_mem_gen:8.2 - blk_mem_gen_0
Adding component instance block -- xilinx.com:ip:clk_wiz:5.1 - clk_wiz_0
Adding component instance block -- xilinx.com:ip:mdm:3.2 - mdm_1
Adding component instance block -- xilinx.com:ip:microblaze:9.5 - microblaze_0
Adding component instance block -- xilinx.com:ip:axi_intc:4.1 - microblaze_0_axi_intc
Adding component instance block -- xilinx.com:ip:xlconcat:2.1 - microblaze_0_xlconcat
Adding component instance block -- xilinx.com:ip:mig_7series:2.3 - mig_7series_0
Adding component instance block -- xilinx.com:ip:proc_sys_reset:5.0 - proc_sys_reset_1
Adding component instance block -- xilinx.com:ip:proc_sys_reset:5.0 - rst_clk_wiz_0_401M
Adding component instance block -- user.org:user:trigger_logic_AXI:1.0 - trigger_logic_AXI_0
Adding component instance block -- xilinx.com:ip:axi_crossbar:2.1 - xbar
Adding component instance block -- xilinx.com:ip:axi_clock_converter:2.1 - auto_cc
Adding component instance block -- xilinx.com:ip:axi_crossbar:2.1 - xbar
Adding component instance block -- xilinx.com:ip:axi_data_fifo:2.1 - s04_data_fifo
Adding component instance block -- xilinx.com:ip:axi_data_fifo:2.1 - s03_data_fifo
Adding component instance block -- xilinx.com:ip:axi_data_fifo:2.1 - s02_data_fifo
Adding component instance block -- xilinx.com:ip:axi_data_fifo:2.1 - s01_data_fifo
Adding component instance block -- xilinx.com:ip:axi_data_fifo:2.1 - s00_data_fifo
Adding component instance block -- xilinx.com:ip:lmb_bram_if_cntlr:4.0 - dlmb_bram_if_cntlr
Adding component instance block -- xilinx.com:ip:lmb_v10:3.0 - dlmb_v10
Adding component instance block -- xilinx.com:ip:lmb_bram_if_cntlr:4.0 - ilmb_bram_if_cntlr
Adding component instance block -- xilinx.com:ip:lmb_v10:3.0 - ilmb_v10
Adding component instance block -- xilinx.com:ip:blk_mem_gen:8.2 - lmb_bram
Successfully read diagram <design_1> from BD file </data1/jmoore/XAPP1026/AC701_AxiEth_100Mhz_64kb/HW/project_1.srcs/sources_1/bd/design_1/design_1.bd>
open_bd_design: Time (s): cpu = 00:00:19 ; elapsed = 00:00:06 . Memory (MB): peak = 6094.121 ; gain = 63.773 ; free physical = 5163 ; free virtual = 29931
report_ip_status -name ip_status 
upgrade_ip -vlnv user.org:user:trigger_logic_AXI:1.0 [get_ips  design_1_trigger_logic_AXI_0_0]
Upgrading '/data1/jmoore/XAPP1026/AC701_AxiEth_100Mhz_64kb/HW/project_1.srcs/sources_1/bd/design_1/design_1.bd'
INFO: [IP_Flow 19-3422] Upgraded design_1_trigger_logic_AXI_0_0 (trigger_logic_AXI_v1_0 1.0) from revision 9 to revision 10
INFO: [IP_Flow 19-3471] Wrote upgrade log to '/data1/jmoore/XAPP1026/AC701_AxiEth_100Mhz_64kb/HW/project_1.srcs/sources_1/bd/design_1/ip/design_1_trigger_logic_AXI_0_0/design_1_trigger_logic_AXI_0_0.upgrade_log'.
Wrote  : </data1/jmoore/XAPP1026/AC701_AxiEth_100Mhz_64kb/HW/project_1.srcs/sources_1/bd/design_1/design_1.bd> 
upgrade_ip: Time (s): cpu = 00:00:17 ; elapsed = 00:00:08 . Memory (MB): peak = 6124.340 ; gain = 28.453 ; free physical = 5157 ; free virtual = 29881
report_ip_status -name ip_status 
exit
INFO: [Common 17-206] Exiting Vivado at Fri Sep 25 17:46:10 2015...
