22:03:39 **** Build of project xilkernel_bsp_0 ****
make -k all 
Running Make include in microblaze_0/libsrc/axidma_v8_1/src
make -C microblaze_0/libsrc/axidma_v8_1/src -s include  "SHELL=/bin/sh" "COMPILER=mb-gcc" "ARCHIVER=mb-ar" "COMPILER_FLAGS= -O2 -c -mcpu=v9.5 -mhard-float -mlittle-endian -mno-xl-soft-div -mno-xl-soft-mul -mxl-barrel-shift -mxl-float-convert -mxl-float-sqrt -mxl-multiply-high -mxl-pattern-compare" "EXTRA_COMPILER_FLAGS=-g"
Running Make include in microblaze_0/libsrc/axiethernet_v4_4/src
make -C microblaze_0/libsrc/axiethernet_v4_4/src -s include  "SHELL=/bin/sh" "COMPILER=mb-gcc" "ARCHIVER=mb-ar" "COMPILER_FLAGS= -O2 -c -mcpu=v9.5 -mhard-float -mlittle-endian -mno-xl-soft-div -mno-xl-soft-mul -mxl-barrel-shift -mxl-float-convert -mxl-float-sqrt -mxl-multiply-high -mxl-pattern-compare" "EXTRA_COMPILER_FLAGS=-g"
Running Make include in microblaze_0/libsrc/bram_v4_0/src
make -C microblaze_0/libsrc/bram_v4_0/src -s include  "SHELL=/bin/sh" "COMPILER=mb-gcc" "ARCHIVER=mb-ar" "COMPILER_FLAGS= -O2 -c -mcpu=v9.5 -mhard-float -mlittle-endian -mno-xl-soft-div -mno-xl-soft-mul -mxl-barrel-shift -mxl-float-convert -mxl-float-sqrt -mxl-multiply-high -mxl-pattern-compare" "EXTRA_COMPILER_FLAGS=-g"
Running Make include in microblaze_0/libsrc/cpu_v2_3/src
make -C microblaze_0/libsrc/cpu_v2_3/src -s include  "SHELL=/bin/sh" "COMPILER=mb-gcc" "ARCHIVER=mb-ar" "COMPILER_FLAGS= -O2 -c -mcpu=v9.5 -mhard-float -mlittle-endian -mno-xl-soft-div -mno-xl-soft-mul -mxl-barrel-shift -mxl-float-convert -mxl-float-sqrt -mxl-multiply-high -mxl-pattern-compare" "EXTRA_COMPILER_FLAGS=-g"
Running Make include in microblaze_0/libsrc/intc_v3_3/src
make -C microblaze_0/libsrc/intc_v3_3/src -s include  "SHELL=/bin/sh" "COMPILER=mb-gcc" "ARCHIVER=mb-ar" "COMPILER_FLAGS= -O2 -c -mcpu=v9.5 -mhard-float -mlittle-endian -mno-xl-soft-div -mno-xl-soft-mul -mxl-barrel-shift -mxl-float-convert -mxl-float-sqrt -mxl-multiply-high -mxl-pattern-compare" "EXTRA_COMPILER_FLAGS=-g"
Running Make include in microblaze_0/libsrc/lwip141_v2_2/src
make -C microblaze_0/libsrc/lwip141_v2_2/src -s include  "SHELL=/bin/sh" "COMPILER=mb-gcc" "ARCHIVER=mb-ar" "COMPILER_FLAGS= -O2 -c -mcpu=v9.5 -mhard-float -mlittle-endian -mno-xl-soft-div -mno-xl-soft-mul -mxl-barrel-shift -mxl-float-convert -mxl-float-sqrt -mxl-multiply-high -mxl-pattern-compare" "EXTRA_COMPILER_FLAGS=-g"
Running Make include in microblaze_0/libsrc/tmrctr_v3_0/src
make -C microblaze_0/libsrc/tmrctr_v3_0/src -s include  "SHELL=/bin/sh" "COMPILER=mb-gcc" "ARCHIVER=mb-ar" "COMPILER_FLAGS= -O2 -c -mcpu=v9.5 -mhard-float -mlittle-endian -mno-xl-soft-div -mno-xl-soft-mul -mxl-barrel-shift -mxl-float-convert -mxl-float-sqrt -mxl-multiply-high -mxl-pattern-compare" "EXTRA_COMPILER_FLAGS=-g"
Running Make include in microblaze_0/libsrc/uartlite_v3_0/src
make -C microblaze_0/libsrc/uartlite_v3_0/src -s include  "SHELL=/bin/sh" "COMPILER=mb-gcc" "ARCHIVER=mb-ar" "COMPILER_FLAGS= -O2 -c -mcpu=v9.5 -mhard-float -mlittle-endian -mno-xl-soft-div -mno-xl-soft-mul -mxl-barrel-shift -mxl-float-convert -mxl-float-sqrt -mxl-multiply-high -mxl-pattern-compare" "EXTRA_COMPILER_FLAGS=-g"
Running Make include in microblaze_0/libsrc/xilisf_v5_2/src
make -C microblaze_0/libsrc/xilisf_v5_2/src -s include  "SHELL=/bin/sh" "COMPILER=mb-gcc" "ARCHIVER=mb-ar" "COMPILER_FLAGS= -O2 -c -mcpu=v9.5 -mhard-float -mlittle-endian -mno-xl-soft-div -mno-xl-soft-mul -mxl-barrel-shift -mxl-float-convert -mxl-float-sqrt -mxl-multiply-high -mxl-pattern-compare" "EXTRA_COMPILER_FLAGS=-g"
Running Make include in microblaze_0/libsrc/xilmfs_v2_0/src
make -C microblaze_0/libsrc/xilmfs_v2_0/src -s include  "SHELL=/bin/sh" "COMPILER=mb-gcc" "ARCHIVER=mb-ar" "COMPILER_FLAGS= -O2 -c -mcpu=v9.5 -mhard-float -mlittle-endian -mno-xl-soft-div -mno-xl-soft-mul -mxl-barrel-shift -mxl-float-convert -mxl-float-sqrt -mxl-multiply-high -mxl-pattern-compare" "EXTRA_COMPILER_FLAGS=-g"
Running Make libs in microblaze_0/libsrc/axidma_v8_1/src
make -C microblaze_0/libsrc/axidma_v8_1/src -s libs  "SHELL=/bin/sh" "COMPILER=mb-gcc" "ARCHIVER=mb-ar" "COMPILER_FLAGS= -O2 -c -mcpu=v9.5 -mhard-float -mlittle-endian -mno-xl-soft-div -mno-xl-soft-mul -mxl-barrel-shift -mxl-float-convert -mxl-float-sqrt -mxl-multiply-high -mxl-pattern-compare" "EXTRA_COMPILER_FLAGS=-g"
Compiling axidma
In file included from xaxidma_bd.h:114:0,
                 from xaxidma_bd.c:62:
xaxidma_hw.h:64:23: fatal error: xil_types.h: No such file or directory
 #include "xil_types.h"
                       ^
compilation terminated.
In file included from xaxidma_bdring.c:74:0:
xaxidma_bdring.h:83:21: fatal error: xstatus.h: No such file or directory
 #include "xstatus.h"
                     ^
compilation terminated.
In file included from xaxidma.h:464:0,
                 from xaxidma.c:81:
xaxidma_bdring.h:83:21: fatal error: xstatus.h: No such file or directory
 #include "xstatus.h"
                     ^
compilation terminated.
xaxidma_g.c:61:25: fatal error: xparameters.h: No such file or directory
 #include "xparameters.h"
                         ^
compilation terminated.
xaxidma_selftest.c:51:20: fatal error: xil_io.h: No such file or directory
 #include "xil_io.h"
                    ^
compilation terminated.
xaxidma_sinit.c:58:25: fatal error: xparameters.h: No such file or directory
 #include "xparameters.h"
                         ^
compilation terminated.
make[1]: *** [libs] Error 1
make: *** [microblaze_0/libsrc/axidma_v8_1/src/make.libs] Error 2
Running Make libs in microblaze_0/libsrc/axiethernet_v4_4/src
make -C microblaze_0/libsrc/axiethernet_v4_4/src -s libs  "SHELL=/bin/sh" "COMPILER=mb-gcc" "ARCHIVER=mb-ar" "COMPILER_FLAGS= -O2 -c -mcpu=v9.5 -mhard-float -mlittle-endian -mno-xl-soft-div -mno-xl-soft-mul -mxl-barrel-shift -mxl-float-convert -mxl-float-sqrt -mxl-multiply-high -mxl-pattern-compare" "EXTRA_COMPILER_FLAGS=-g"
Compiling axiethernet
In file included from xaxiethernet.c:58:0:
xaxiethernet.h:476:18: fatal error: xenv.h: No such file or directory
 #include "xenv.h"
                  ^
compilation terminated.
In file included from xaxiethernet_control.c:57:0:
xaxiethernet.h:476:18: fatal error: xenv.h: No such file or directory
 #include "xenv.h"
                  ^
compilation terminated.
xaxiethernet_g.c:32:25: fatal error: xparameters.h: No such file or directory
 #include "xparameters.h"
                         ^
compilation terminated.
xaxiethernet_sinit.c:50:25: fatal error: xparameters.h: No such file or directory
 #include "xparameters.h"
                         ^
compilation terminated.
make[1]: *** [libs] Error 1
make: *** [microblaze_0/libsrc/axiethernet_v4_4/src/make.libs] Error 2
Running Make libs in microblaze_0/libsrc/bram_v4_0/src
make -C microblaze_0/libsrc/bram_v4_0/src -s libs  "SHELL=/bin/sh" "COMPILER=mb-gcc" "ARCHIVER=mb-ar" "COMPILER_FLAGS= -O2 -c -mcpu=v9.5 -mhard-float -mlittle-endian -mno-xl-soft-div -mno-xl-soft-mul -mxl-barrel-shift -mxl-float-convert -mxl-float-sqrt -mxl-multiply-high -mxl-pattern-compare" "EXTRA_COMPILER_FLAGS=-g"
Compiling bram
In file included from xbram.c:58:0:
xbram.h:122:23: fatal error: xil_types.h: No such file or directory
 #include "xil_types.h"
                       ^
compilation terminated.
In file included from xbram_g.c:52:0:
xbram.h:122:23: fatal error: xil_types.h: No such file or directory
 #include "xil_types.h"
                       ^
compilation terminated.
In file included from xbram_intr.c:56:0:
xbram.h:122:23: fatal error: xil_types.h: No such file or directory
 #include "xil_types.h"
                       ^
compilation terminated.
In file included from xbram_selftest.c:70:0:
xbram.h:122:23: fatal error: xil_types.h: No such file or directory
 #include "xil_types.h"
                       ^
compilation terminated.
xbram_sinit.c:56:21: fatal error: xstatus.h: No such file or directory
 #include "xstatus.h"
                     ^
compilation terminated.
make[1]: *** [libs] Error 1
make: *** [microblaze_0/libsrc/bram_v4_0/src/make.libs] Error 2
Running Make libs in microblaze_0/libsrc/cpu_v2_3/src
make -C microblaze_0/libsrc/cpu_v2_3/src -s libs  "SHELL=/bin/sh" "COMPILER=mb-gcc" "ARCHIVER=mb-ar" "COMPILER_FLAGS= -O2 -c -mcpu=v9.5 -mhard-float -mlittle-endian -mno-xl-soft-div -mno-xl-soft-mul -mxl-barrel-shift -mxl-float-convert -mxl-float-sqrt -mxl-multiply-high -mxl-pattern-compare" "EXTRA_COMPILER_FLAGS=-g"
Compiling cpu
In file included from xio.c:60:0:
xio.h:84:23: fatal error: xil_types.h: No such file or directory
 #include "xil_types.h"
                       ^
Running Make libs in microblaze_0/libsrc/intc_v3_3/src
compilation terminated.
make -C microblaze_0/libsrc/intc_v3_3/src -s libs  "SHELL=/bin/sh" "COMPILER=mb-gcc" "ARCHIVER=mb-ar" "COMPILER_FLAGS= -O2 -c -mcpu=v9.5 -mhard-float -mlittle-endian -mno-xl-soft-div -mno-xl-soft-mul -mxl-barrel-shift -mxl-float-convert -mxl-float-sqrt -mxl-multiply-high -mxl-pattern-compare" "EXTRA_COMPILER_FLAGS=-g"
make[1]: *** [libs] Error 1
make: *** [microblaze_0/libsrc/cpu_v2_3/src/make.libs] Error 2
Compiling intc
xintc.c:79:23: fatal error: xil_types.h: No such file or directory
 #include "xil_types.h"
                       ^
compilation terminated.
In file included from xintc_g.c:70:0:
xintc.h:221:23: fatal error: xil_types.h: No such file or directory
 #include "xil_types.h"
                       ^
compilation terminated.
xintc_intr.c:96:23: fatal error: xil_types.h: No such file or directory
 #include "xil_types.h"
                       ^
compilation terminated.
xintc_l.c:77:25: fatal error: xparameters.h: No such file or directory
 #include "xparameters.h"
                         ^
compilation terminated.
xintc_options.c:60:23: fatal error: xil_types.h: No such file or directory
 #include "xil_types.h"
                       ^
compilation terminated.
xintc_selftest.c:58:23: fatal error: xil_types.h: No such file or directory
 #include "xil_types.h"
                       ^
compilation terminated.
make[1]: *** [libs] Error 1
make: *** [microblaze_0/libsrc/intc_v3_3/src/make.libs] Error 2
Running Make libs in microblaze_0/libsrc/lwip141_v2_2/src
make -C microblaze_0/libsrc/lwip141_v2_2/src -s libs  "SHELL=/bin/sh" "COMPILER=mb-gcc" "ARCHIVER=mb-ar" "COMPILER_FLAGS= -O2 -c -mcpu=v9.5 -mhard-float -mlittle-endian -mno-xl-soft-div -mno-xl-soft-mul -mxl-barrel-shift -mxl-float-convert -mxl-float-sqrt -mxl-multiply-high -mxl-pattern-compare" "EXTRA_COMPILER_FLAGS=-g"
mkdir: cannot create directory `obj': File exists
make[1]: *** [obj_dir] Error 1
Compiling lwIP
In file included from lwip-1.4.1/src/core/init.c:39:0:
../../../include/lwip/opt.h:48:26: fatal error: mb_interface.h: No such file or directory
 #include "mb_interface.h"
                          ^
compilation terminated.
make[1]: *** [lwip-1.4.1/src/core/init.o] Error 1
In file included from lwip-1.4.1/src/core/mem.c:56:0:
../../../include/lwip/opt.h:48:26: fatal error: mb_interface.h: No such file or directory
 #include "mb_interface.h"
                          ^
compilation terminated.
make[1]: *** [lwip-1.4.1/src/core/mem.o] Error 1
In file included from lwip-1.4.1/src/core/memp.c:41:0:
../../../include/lwip/opt.h:48:26: fatal error: mb_interface.h: No such file or directory
 #include "mb_interface.h"
                          ^
compilation terminated.
make[1]: *** [lwip-1.4.1/src/core/memp.o] Error 1
In file included from lwip-1.4.1/src/core/netif.c:39:0:
../../../include/lwip/opt.h:48:26: fatal error: mb_interface.h: No such file or directory
 #include "mb_interface.h"
                          ^
compilation terminated.
make[1]: *** [lwip-1.4.1/src/core/netif.o] Error 1
In file included from lwip-1.4.1/src/core/pbuf.c:64:0:
../../../include/lwip/opt.h:48:26: fatal error: mb_interface.h: No such file or directory
 #include "mb_interface.h"
                          ^
compilation terminated.
make[1]: *** [lwip-1.4.1/src/core/pbuf.o] Error 1
In file included from lwip-1.4.1/src/core/raw.c:41:0:
../../../include/lwip/opt.h:48:26: fatal error: mb_interface.h: No such file or directory
 #include "mb_interface.h"
                          ^
compilation terminated.
make[1]: *** [lwip-1.4.1/src/core/raw.o] Error 1
In file included from lwip-1.4.1/src/core/stats.c:39:0:
../../../include/lwip/opt.h:48:26: fatal error: mb_interface.h: No such file or directory
 #include "mb_interface.h"
                          ^
compilation terminated.
make[1]: *** [lwip-1.4.1/src/core/stats.o] Error 1
In file included from lwip-1.4.1/src/core/def.c:39:0:
../../../include/lwip/opt.h:48:26: fatal error: mb_interface.h: No such file or directory
 #include "mb_interface.h"
                          ^
compilation terminated.
make[1]: *** [lwip-1.4.1/src/core/def.o] Error 1
In file included from ../../../include/lwip/timers.h:36:0,
                 from lwip-1.4.1/src/core/timers.c:44:
../../../include/lwip/opt.h:48:26: fatal error: mb_interface.h: No such file or directory
 #include "mb_interface.h"
                          ^
compilation terminated.
make[1]: *** [lwip-1.4.1/src/core/timers.o] Error 1
In file included from lwip-1.4.1/src/core/sys.c:39:0:
../../../include/lwip/opt.h:48:26: fatal error: mb_interface.h: No such file or directory
 #include "mb_interface.h"
                          ^
compilation terminated.
make[1]: *** [lwip-1.4.1/src/core/sys.o] Error 1
In file included from lwip-1.4.1/src/netif/etharp.c:46:0:
../../../include/lwip/opt.h:48:26: fatal error: mb_interface.h: No such file or directory
 #include "mb_interface.h"
                          ^
compilation terminated.
make[1]: *** [lwip-1.4.1/src/netif/etharp.o] Error 1
In file included from lwip-1.4.1/src/core/ipv4/ip_addr.c:39:0:
../../../include/lwip/opt.h:48:26: fatal error: mb_interface.h: No such file or directory
 #include "mb_interface.h"
                          ^
compilation terminated.
make[1]: *** [lwip-1.4.1/src/core/ipv4/ip_addr.o] Error 1
In file included from lwip-1.4.1/src/core/ipv4/icmp.c:42:0:
../../../include/lwip/opt.h:48:26: fatal error: mb_interface.h: No such file or directory
 #include "mb_interface.h"
                          ^
compilation terminated.
make[1]: *** [lwip-1.4.1/src/core/ipv4/icmp.o] Error 1
In file included from lwip-1.4.1/src/core/ipv4/igmp.c:80:0:
../../../include/lwip/opt.h:48:26: fatal error: mb_interface.h: No such file or directory
 #include "mb_interface.h"
                          ^
compilation terminated.
make[1]: *** [lwip-1.4.1/src/core/ipv4/igmp.o] Error 1
In file included from lwip-1.4.1/src/core/ipv4/inet.c:39:0:
../../../include/lwip/opt.h:48:26: fatal error: mb_interface.h: No such file or directory
 #include "mb_interface.h"
                          ^
compilation terminated.
make[1]: *** [lwip-1.4.1/src/core/ipv4/inet.o] Error 1
In file included from lwip-1.4.1/src/core/ipv4/inet_chksum.c:39:0:
../../../include/lwip/opt.h:48:26: fatal error: mb_interface.h: No such file or directory
 #include "mb_interface.h"
                          ^
compilation terminated.
make[1]: *** [lwip-1.4.1/src/core/ipv4/inet_chksum.o] Error 1
In file included from lwip-1.4.1/src/core/ipv4/ip.c:41:0:
../../../include/lwip/opt.h:48:26: fatal error: mb_interface.h: No such file or directory
 #include "mb_interface.h"
                          ^
compilation terminated.
make[1]: *** [lwip-1.4.1/src/core/ipv4/ip.o] Error 1
In file included from lwip-1.4.1/src/core/ipv4/ip_frag.c:41:0:
../../../include/lwip/opt.h:48:26: fatal error: mb_interface.h: No such file or directory
 #include "mb_interface.h"
                          ^
compilation terminated.
make[1]: *** [lwip-1.4.1/src/core/ipv4/ip_frag.o] Error 1
In file included from lwip-1.4.1/src/core/tcp.c:43:0:
../../../include/lwip/opt.h:48:26: fatal error: mb_interface.h: No such file or directory
 #include "mb_interface.h"
                          ^
compilation terminated.
make[1]: *** [lwip-1.4.1/src/core/tcp.o] Error 1
In file included from lwip-1.4.1/src/core/tcp_in.c:44:0:
../../../include/lwip/opt.h:48:26: fatal error: mb_interface.h: No such file or directory
 #include "mb_interface.h"
                          ^
compilation terminated.
make[1]: *** [lwip-1.4.1/src/core/tcp_in.o] Error 1
In file included from lwip-1.4.1/src/core/tcp_out.c:41:0:
../../../include/lwip/opt.h:48:26: fatal error: mb_interface.h: No such file or directory
 #include "mb_interface.h"
                          ^
compilation terminated.
make[1]: *** [lwip-1.4.1/src/core/tcp_out.o] Error 1
In file included from lwip-1.4.1/src/core/udp.c:49:0:
../../../include/lwip/opt.h:48:26: fatal error: mb_interface.h: No such file or directory
 #include "mb_interface.h"
                          ^
compilation terminated.
make[1]: *** [lwip-1.4.1/src/core/udp.o] Error 1
In file included from lwip-1.4.1/src/core/dhcp.c:69:0:
../../../include/lwip/opt.h:48:26: fatal error: mb_interface.h: No such file or directory
 #include "mb_interface.h"
                          ^
compilation terminated.
make[1]: *** [lwip-1.4.1/src/core/dhcp.o] Error 1
Compiling lwIP adapter for Xilinx MAC
contrib/ports/xilinx/sys_arch_raw.c:36:26: fatal error: mb_interface.h: No such file or directory
 #include "mb_interface.h"
                          ^
compilation terminated.
make[1]: *** [contrib/ports/xilinx/sys_arch_raw.o] Error 1
In file included from ../../../include/lwip/mem.h:35:0,
                 from contrib/ports/xilinx/netif/xadapter.c:43:
../../../include/lwip/opt.h:48:26: fatal error: mb_interface.h: No such file or directory
 #include "mb_interface.h"
                          ^
compilation terminated.
make[1]: *** [contrib/ports/xilinx/netif/xadapter.o] Error 1
make[1]: *** No rule to make target `contrib/ports/xilinx/netif/xtopology_g.o', needed by `liblwip4.a'.
In file included from contrib/ports/xilinx/netif/xemacliteif.c:62:0:
../../../include/lwip/opt.h:48:26: fatal error: mb_interface.h: No such file or directory
 #include "mb_interface.h"
                          ^
compilation terminated.
make[1]: *** [contrib/ports/xilinx/netif/xemacliteif.o] Error 1
make[1]: Target `libs' not remade because of errors.
Running Make libs in microblaze_0/libsrc/tmrctr_v3_0/src
make: *** [microblaze_0/libsrc/lwip141_v2_2/src/make.libs] Error 2
make -C microblaze_0/libsrc/tmrctr_v3_0/src -s libs  "SHELL=/bin/sh" "COMPILER=mb-gcc" "ARCHIVER=mb-ar" "COMPILER_FLAGS= -O2 -c -mcpu=v9.5 -mhard-float -mlittle-endian -mno-xl-soft-div -mno-xl-soft-mul -mxl-barrel-shift -mxl-float-convert -mxl-float-sqrt -mxl-multiply-high -mxl-pattern-compare" "EXTRA_COMPILER_FLAGS=-g"
Compiling tmrctr
xtmrctr.c:67:21: fatal error: xstatus.h: No such file or directory
 #include "xstatus.h"
                     ^
compilation terminated.
In file included from xtmrctr_g.c:55:0:
xtmrctr.h:160:23: fatal error: xil_types.h: No such file or directory
 #include "xil_types.h"
                       ^
compilation terminated.
In file included from xtmrctr_intr.c:56:0:
xtmrctr.h:160:23: fatal error: xil_types.h: No such file or directory
 #include "xil_types.h"
                       ^
compilation terminated.
In file included from xtmrctr_l.c:56:0:
xtmrctr_l.h:72:23: fatal error: xil_types.h: No such file or directory
 #include "xil_types.h"
                       ^
compilation terminated.
In file included from xtmrctr_options.c:55:0:
xtmrctr.h:160:23: fatal error: xil_types.h: No such file or directory
 #include "xil_types.h"
                       ^
compilation terminated.
xtmrctr_selftest.c:54:20: fatal error: xil_io.h: No such file or directory
 #include "xil_io.h"
                    ^
compilation terminated.
In file included from xtmrctr_stats.c:53:0:
xtmrctr.h:160:23: fatal error: xil_types.h: No such file or directory
 #include "xil_types.h"
                       ^
compilation terminated.
make[1]: *** [libs] Error 1
make: *** [microblaze_0/libsrc/tmrctr_v3_0/src/make.libs] Error 2
Running Make libs in microblaze_0/libsrc/uartlite_v3_0/src
make -C microblaze_0/libsrc/uartlite_v3_0/src -s libs  "SHELL=/bin/sh" "COMPILER=mb-gcc" "ARCHIVER=mb-ar" "COMPILER_FLAGS= -O2 -c -mcpu=v9.5 -mhard-float -mlittle-endian -mno-xl-soft-div -mno-xl-soft-mul -mxl-barrel-shift -mxl-float-convert -mxl-float-sqrt -mxl-multiply-high -mxl-pattern-compare" "EXTRA_COMPILER_FLAGS=-g"
Compiling uartlite
In file included from xuartlite.c:76:0:
xuartlite.h:148:23: fatal error: xil_types.h: No such file or directory
 #include "xil_types.h"
                       ^
compilation terminated.
In file included from xuartlite_g.c:54:0:
xuartlite.h:148:23: fatal error: xil_types.h: No such file or directory
 #include "xil_types.h"
                       ^
compilation terminated.
In file included from xuartlite_intr.c:58:0:
xuartlite.h:148:23: fatal error: xil_types.h: No such file or directory
 #include "xil_types.h"
                       ^
compilation terminated.
In file included from xuartlite_l.c:55:0:
xuartlite_l.h:66:23: fatal error: xil_types.h: No such file or directory
 #include "xil_types.h"
                       ^
compilation terminated.
xuartlite_selftest.c:59:23: fatal error: xil_types.h: No such file or directory
 #include "xil_types.h"
                       ^
compilation terminated.
xuartlite_sinit.c:53:21: fatal error: xstatus.h: No such file or directory
 #include "xstatus.h"
                     ^
compilation terminated.
xuartlite_stats.c:55:23: fatal error: xil_types.h: No such file or directory
 #include "xil_types.h"
                       ^
compilation terminated.
make[1]: *** [libs] Error 1
make: *** [microblaze_0/libsrc/uartlite_v3_0/src/make.libs] Error 2
Running Make libs in microblaze_0/libsrc/xilisf_v5_2/src
make -C microblaze_0/libsrc/xilisf_v5_2/src -s libs  "SHELL=/bin/sh" "COMPILER=mb-gcc" "ARCHIVER=mb-ar" "COMPILER_FLAGS= -O2 -c -mcpu=v9.5 -mhard-float -mlittle-endian -mno-xl-soft-div -mno-xl-soft-mul -mxl-barrel-shift -mxl-float-convert -mxl-float-sqrt -mxl-multiply-high -mxl-pattern-compare" "EXTRA_COMPILER_FLAGS=-g"
mkdir: cannot create directory `obj': File exists
make[1]: *** [obj_dir] Error 1
Compiling XilIsf Library
In file included from xilisf.c:102:0:
include/xilisf.h:510:25: fatal error: xparameters.h: No such file or directory
 #include "xparameters.h"
                         ^
compilation terminated.
make[1]: *** [xilisf.o] Error 1
In file included from xilisf_read.c:64:0:
include/xilisf.h:510:25: fatal error: xparameters.h: No such file or directory
 #include "xparameters.h"
                         ^
compilation terminated.
make[1]: *** [xilisf_read.o] Error 1
In file included from xilisf_erase.c:67:0:
include/xilisf.h:510:25: fatal error: xparameters.h: No such file or directory
 #include "xparameters.h"
                         ^
compilation terminated.
make[1]: *** [xilisf_erase.o] Error 1
In file included from xilisf_write.c:65:0:
include/xilisf.h:510:25: fatal error: xparameters.h: No such file or directory
 #include "xparameters.h"
                         ^
compilation terminated.
make[1]: *** [xilisf_write.o] Error 1
In file included from xilisf_spr.c:61:0:
include/xilisf.h:510:25: fatal error: xparameters.h: No such file or directory
 #include "xparameters.h"
                         ^
compilation terminated.
make[1]: *** [xilisf_spr.o] Error 1
make[1]: Target `libs' not remade because of errors.
make: *** [microblaze_0/libsrc/xilisf_v5_2/src/make.libs] Error 2
Running Make libs in microblaze_0/libsrc/xilmfs_v2_0/src
make -C microblaze_0/libsrc/xilmfs_v2_0/src -s libs  "SHELL=/bin/sh" "COMPILER=mb-gcc" "ARCHIVER=mb-ar" "COMPILER_FLAGS= -O2 -c -mcpu=v9.5 -mhard-float -mlittle-endian -mno-xl-soft-div -mno-xl-soft-mul -mxl-barrel-shift -mxl-float-convert -mxl-float-sqrt -mxl-multiply-high -mxl-pattern-compare" "EXTRA_COMPILER_FLAGS=-g"
mb-ar: creating ../../../lib/libxil.a
make: Target `all' not remade because of errors.

22:03:41 Build Finished (took 2s.41ms)

